<?xml version="1.0" encoding="UTF-8"?>
<!-- Generated by org.testng.reporters.JUnitXMLReporter -->
<testsuite ignored="0" hostname="Suneel" failures="0" tests="7" name="my tests" time="15.231" errors="0" timestamp="2024-04-22T10:31:14 IST">
  <testcase classname="Day42.OrangeHRMTest" name="openapp" time="9.421"/>
  <testcase classname="Day42.OrangeHRMTest" name="testlogo" time="5.105"/>
  <testcase classname="Day42.OrangeHRMTest" name="testlogin" time="0.424"/>
  <testcase classname="Day42.OrangeHRMTest" name="closeapp" time="0.227"/>
  <testcase classname="Day42.FirstTestCase" name="open" time="0.001"/>
  <testcase classname="Day42.FirstTestCase" name="logout" time="0.001"/>
  <testcase classname="Day42.FirstTestCase" name="login" time="0.001"/>
</testsuite> <!-- my tests -->
