<?xml version="1.0" encoding="UTF-8"?>
<testng-results ignored="0" total="1" passed="1" failed="0" skipped="0">
  <reporter-output>
  </reporter-output>
  <suite started-at="2024-04-26T10:37:11 IST" name="Suite" finished-at="2024-04-26T10:37:19 IST" duration-ms="7774">
    <groups>
    </groups>
    <test started-at="2024-04-26T10:37:11 IST" name="Test" finished-at="2024-04-26T10:37:19 IST" duration-ms="7774">
      <class name="Day47.LoginTest">
        <test-method is-config="true" signature="setup()[pri:0, instance:Day47.LoginTest@4fb0f2b9]" started-at="2024-04-26T10:37:11 IST" name="setup" finished-at="2024-04-26T10:37:16 IST" duration-ms="5321" status="PASS">
          <reporter-output>
          </reporter-output>
        </test-method> <!-- setup -->
        <test-method signature="testLogin()[pri:0, instance:Day47.LoginTest@4fb0f2b9]" started-at="2024-04-26T10:37:16 IST" name="testLogin" finished-at="2024-04-26T10:37:19 IST" duration-ms="2259" status="PASS">
          <reporter-output>
          </reporter-output>
        </test-method> <!-- testLogin -->
        <test-method is-config="true" signature="tearDown()[pri:0, instance:Day47.LoginTest@4fb0f2b9]" started-at="2024-04-26T10:37:19 IST" name="tearDown" finished-at="2024-04-26T10:37:19 IST" duration-ms="159" status="PASS">
          <reporter-output>
          </reporter-output>
        </test-method> <!-- tearDown -->
      </class> <!-- Day47.LoginTest -->
    </test> <!-- Test -->
  </suite> <!-- Suite -->
</testng-results>
